Started GET "/" for 127.0.0.1 at 2019-07-17 12:12:06 -0400
Processing by Rails::WelcomeController#index as HTML
  Rendering /Library/Ruby/Gems/2.3.0/gems/railties-5.1.6/lib/rails/templates/rails/welcome/index.html.erb
  Rendered /Library/Ruby/Gems/2.3.0/gems/railties-5.1.6/lib/rails/templates/rails/welcome/index.html.erb (6.3ms)
Completed 200 OK in 374ms (Views: 13.6ms)


Started GET "/" for 127.0.0.1 at 2019-07-17 12:15:40 -0400
Processing by Rails::WelcomeController#index as HTML
  Rendering /Library/Ruby/Gems/2.3.0/gems/railties-5.1.6/lib/rails/templates/rails/welcome/index.html.erb
  Rendered /Library/Ruby/Gems/2.3.0/gems/railties-5.1.6/lib/rails/templates/rails/welcome/index.html.erb (3.8ms)
Completed 200 OK in 12ms (Views: 7.4ms)


Started GET "/" for 127.0.0.1 at 2019-07-17 12:15:42 -0400
Processing by Rails::WelcomeController#index as HTML
  Rendering /Library/Ruby/Gems/2.3.0/gems/railties-5.1.6/lib/rails/templates/rails/welcome/index.html.erb
  Rendered /Library/Ruby/Gems/2.3.0/gems/railties-5.1.6/lib/rails/templates/rails/welcome/index.html.erb (3.6ms)
Completed 200 OK in 8ms (Views: 5.9ms)


Started GET "/" for 127.0.0.1 at 2019-07-17 12:18:07 -0400
Processing by ApplicationController#hello as HTML
  Rendering html template
  Rendered html template (0.1ms)
Completed 200 OK in 4ms (Views: 3.0ms)


Started GET "/" for 127.0.0.1 at 2019-07-17 12:25:23 -0400
Processing by ApplicationController#hello as HTML
  Rendering html template
  Rendered html template (0.0ms)
Completed 200 OK in 218ms (Views: 2.8ms)


Started GET "/" for 127.0.0.1 at 2019-07-17 12:25:38 -0400
Processing by ApplicationController#hello as HTML
  Rendering html template
  Rendered html template (0.0ms)
Completed 200 OK in 1ms (Views: 0.7ms)


